Release 14.7 - xst P.20131013 (nt64)
Copyright (c) 1995-2013 Xilinx, Inc.  All rights reserved.
--> Parameter TMPDIR set to xst/projnav.tmp


Total REAL time to Xst completion: 0.00 secs
Total CPU time to Xst completion: 0.06 secs
 
--> Parameter xsthdpdir set to xst


Total REAL time to Xst completion: 0.00 secs
Total CPU time to Xst completion: 0.06 secs
 
--> Reading design: IF_ID_Reg.prj

TABLE OF CONTENTS
  1) Synthesis Options Summary
  2) HDL Parsing
  3) HDL Elaboration
  4) HDL Synthesis
       4.1) HDL Synthesis Report
  5) Advanced HDL Synthesis
       5.1) Advanced HDL Synthesis Report
  6) Low Level Synthesis
  7) Partition Report
  8) Design Summary
       8.1) Primitive and Black Box Usage
       8.2) Device utilization summary
       8.3) Partition Resource Summary
       8.4) Timing Report
            8.4.1) Clock Information
            8.4.2) Asynchronous Control Signals Information
            8.4.3) Timing Summary
            8.4.4) Timing Details
            8.4.5) Cross Clock Domains Report


=========================================================================
*                      Synthesis Options Summary                        *
=========================================================================
---- Source Parameters
Input File Name                    : "IF_ID_Reg.prj"
Ignore Synthesis Constraint File   : NO

---- Target Parameters
Output File Name                   : "IF_ID_Reg"
Output Format                      : NGC
Target Device                      : xa7a100t-2I-csg324

---- Source Options
Top Module Name                    : IF_ID_Reg
Automatic FSM Extraction           : YES
FSM Encoding Algorithm             : Auto
Safe Implementation                : No
FSM Style                          : LUT
RAM Extraction                     : Yes
RAM Style                          : Auto
ROM Extraction                     : Yes
Shift Register Extraction          : YES
ROM Style                          : Auto
Resource Sharing                   : YES
Asynchronous To Synchronous        : NO
Shift Register Minimum Size        : 2
Use DSP Block                      : Auto
Automatic Register Balancing       : No

---- Target Options
LUT Combining                      : Auto
Reduce Control Sets                : Auto
Add IO Buffers                     : YES
Global Maximum Fanout              : 100000
Add Generic Clock Buffer(BUFG)     : 32
Register Duplication               : YES
Optimize Instantiated Primitives   : NO
Use Clock Enable                   : Auto
Use Synchronous Set                : Auto
Use Synchronous Reset              : Auto
Pack IO Registers into IOBs        : Auto
Equivalent register Removal        : YES

---- General Options
Optimization Goal                  : Speed
Optimization Effort                : 1
Power Reduction                    : NO
Keep Hierarchy                     : No
Netlist Hierarchy                  : As_Optimized
RTL Output                         : Yes
Global Optimization                : AllClockNets
Read Cores                         : YES
Write Timing Constraints           : NO
Cross Clock Analysis               : NO
Hierarchy Separator                : /
Bus Delimiter                      : <>
Case Specifier                     : Maintain
Slice Utilization Ratio            : 100
BRAM Utilization Ratio             : 100
DSP48 Utilization Ratio            : 100
Auto BRAM Packing                  : NO
Slice Utilization Ratio Delta      : 5

=========================================================================


=========================================================================
*                          HDL Parsing                                  *
=========================================================================
Analyzing Verilog file "G:\Term5\CA Lab\Mips\Mips\IF_ID_Reg.v" into library work
Parsing module <IF_ID_Reg>.

=========================================================================
*                            HDL Elaboration                            *
=========================================================================

Elaborating module <IF_ID_Reg>.

=========================================================================
*                           HDL Synthesis                               *
=========================================================================

Synthesizing Unit <IF_ID_Reg>.
    Related source file is "G:\Term5\CA Lab\Mips\Mips\IF_ID_Reg.v".
    Found 32-bit register for signal <next_pc_out>.
    Found 32-bit register for signal <instruction_out>.
    Summary:
	inferred  64 D-type flip-flop(s).
Unit <IF_ID_Reg> synthesized.

=========================================================================
HDL Synthesis Report

Macro Statistics
# Registers                                            : 2
 32-bit register                                       : 2

=========================================================================

=========================================================================
*                       Advanced HDL Synthesis                          *
=========================================================================

WARNING:Xst - The specified part-type was not generated at build time. XST is loading the full part-type and will therefore consume more CPU and memory.
Loading device for application Rf_Device from file '7a100t.nph' in environment C:\Xilinx\14.7\ISE_DS\ISE\.
Loading device for application Rf_Device from file '7a100t.nph' in environment C:\Xilinx\14.7\ISE_DS\ISE\.

=========================================================================
Advanced HDL Synthesis Report

Macro Statistics
# Registers                                            : 64
 Flip-Flops                                            : 64

=========================================================================

=========================================================================
*                         Low Level Synthesis                           *
=========================================================================

Optimizing unit <IF_ID_Reg> ...

Mapping all equations...
Building and optimizing final netlist ...
Found area constraint ratio of 100 (+ 5) on block IF_ID_Reg, actual ratio is 0.

Final Macro Processing ...

=========================================================================
Final Register Report

Macro Statistics
# Registers                                            : 64
 Flip-Flops                                            : 64

=========================================================================

=========================================================================
*                           Partition Report                            *
=========================================================================

Partition Implementation Status
-------------------------------

  No Partitions were found in this design.

-------------------------------

=========================================================================
*                            Design Summary                             *
=========================================================================

Top Level Output File Name         : IF_ID_Reg.ngc

Primitive and Black Box Usage:
------------------------------
# FlipFlops/Latches                : 64
#      FDE_1                       : 64
# Clock Buffers                    : 1
#      BUFGP                       : 1
# IO Buffers                       : 130
#      IBUF                        : 65
#      OBUF                        : 65

Device utilization summary:
---------------------------

Selected Device : xa7a100tcsg324-2i 


Slice Logic Utilization: 

Slice Logic Distribution: 
 Number of LUT Flip Flop pairs used:      0
   Number with an unused Flip Flop:       0  out of      0         
   Number with an unused LUT:             0  out of      0         
   Number of fully used LUT-FF pairs:     0  out of      0         
   Number of unique control sets:         1

IO Utilization: 
 Number of IOs:                         131
 Number of bonded IOBs:                 131  out of    210    62%  
    IOB Flip Flops/Latches:              64

Specific Feature Utilization:
 Number of BUFG/BUFGCTRLs:                1  out of     32     3%  

---------------------------
Partition Resource Summary:
---------------------------

  No Partitions were found in this design.

---------------------------


=========================================================================
Timing Report

NOTE: THESE TIMING NUMBERS ARE ONLY A SYNTHESIS ESTIMATE.
      FOR ACCURATE TIMING INFORMATION PLEASE REFER TO THE TRACE REPORT
      GENERATED AFTER PLACE-and-ROUTE.

Clock Information:
------------------
-----------------------------------+------------------------+-------+
Clock Signal                       | Clock buffer(FF name)  | Load  |
-----------------------------------+------------------------+-------+
clk                                | BUFGP                  | 64    |
-----------------------------------+------------------------+-------+

Asynchronous Control Signals Information:
----------------------------------------
No asynchronous control signals found in this design

Timing Summary:
---------------
Speed Grade: -2

   Minimum period: No path found
   Minimum input arrival time before clock: 0.571ns
   Maximum output required time after clock: 0.703ns
   Maximum combinational path delay: 0.476ns

Timing Details:
---------------
All values displayed in nanoseconds (ns)

=========================================================================
Timing constraint: Default OFFSET IN BEFORE for Clock 'clk'
  Total number of paths / destination ports: 128 / 128
-------------------------------------------------------------------------
Offset:              0.571ns (Levels of Logic = 1)
  Source:            hit (PAD)
  Destination:       next_pc_out_0 (FF)
  Destination Clock: clk falling

  Data Path: hit to next_pc_out_0
                                Gate     Net
    Cell:in->out      fanout   Delay   Delay  Logical Name (Net Name)
    ----------------------------------------  ------------
     IBUF:I->O            65   0.001   0.475  hit_IBUF (hit_out_OBUF)
     FDE_1:CE                  0.095          next_pc_out_0
    ----------------------------------------
    Total                      0.571ns (0.096ns logic, 0.475ns route)
                                       (16.8% logic, 83.2% route)

=========================================================================
Timing constraint: Default OFFSET OUT AFTER for Clock 'clk'
  Total number of paths / destination ports: 64 / 64
-------------------------------------------------------------------------
Offset:              0.703ns (Levels of Logic = 1)
  Source:            instruction_out_31 (FF)
  Destination:       instruction_out<31> (PAD)
  Source Clock:      clk falling

  Data Path: instruction_out_31 to instruction_out<31>
                                Gate     Net
    Cell:in->out      fanout   Delay   Delay  Logical Name (Net Name)
    ----------------------------------------  ------------
     FDE_1:C->Q            1   0.364   0.339  instruction_out_31 (instruction_out_31)
     OBUF:I->O                 0.000          instruction_out_31_OBUF (instruction_out<31>)
    ----------------------------------------
    Total                      0.703ns (0.364ns logic, 0.339ns route)
                                       (51.8% logic, 48.2% route)

=========================================================================
Timing constraint: Default path analysis
  Total number of paths / destination ports: 1 / 1
-------------------------------------------------------------------------
Delay:               0.476ns (Levels of Logic = 2)
  Source:            hit (PAD)
  Destination:       hit_out (PAD)

  Data Path: hit to hit_out
                                Gate     Net
    Cell:in->out      fanout   Delay   Delay  Logical Name (Net Name)
    ----------------------------------------  ------------
     IBUF:I->O            65   0.001   0.475  hit_IBUF (hit_out_OBUF)
     OBUF:I->O                 0.000          hit_out_OBUF (hit_out)
    ----------------------------------------
    Total                      0.476ns (0.001ns logic, 0.475ns route)
                                       (0.2% logic, 99.8% route)

=========================================================================

Cross Clock Domains Report:
--------------------------

=========================================================================


Total REAL time to Xst completion: 30.00 secs
Total CPU time to Xst completion: 29.88 secs
 
--> 

Total memory usage is 5041632 kilobytes

Number of errors   :    0 (   0 filtered)
Number of warnings :    1 (   0 filtered)
Number of infos    :    0 (   0 filtered)

